--- Startup times for process: Primary (or UI client) ---

times in msec
 clock   self+sourced   self:  sourced script
 clock   elapsed:              other lines

000.000  000.000: --- NVIM STARTING ---
000.050  000.050: event init
000.221  000.171: early init
000.464  000.242: locale set
000.491  000.027: init first window
000.810  000.319: inits 1
000.814  000.004: window checked
000.817  000.003: parsing arguments
001.268  000.029  000.029: require('vim.shared')
001.328  000.023  000.023: require('vim.inspect')
001.356  000.022  000.022: require('vim._options')
001.358  000.087  000.043: require('vim._editor')
001.360  000.139  000.023: require('vim._init_packages')
001.361  000.405: init lua interpreter
003.191  001.830: nvim_ui_attach
003.417  000.226: nvim_set_client_info
003.417  000.001: --- NVIM STARTED ---

--- Startup times for process: Embedded ---

times in msec
 clock   self+sourced   self:  sourced script
 clock   elapsed:              other lines

000.000  000.000: --- NVIM STARTING ---
000.047  000.047: event init
000.130  000.083: early init
000.375  000.245: locale set
000.402  000.027: init first window
000.723  000.320: inits 1
000.734  000.011: window checked
000.737  000.003: parsing arguments
001.086  000.033  000.033: require('vim.shared')
001.148  000.021  000.021: require('vim.inspect')
001.174  000.020  000.020: require('vim._options')
001.175  000.088  000.046: require('vim._editor')
001.176  000.143  000.022: require('vim._init_packages')
001.178  000.298: init lua interpreter
002.380  001.203: expanding arguments
002.392  000.011: inits 2
002.574  000.182: init highlight
002.575  000.001: waiting for UI
002.673  000.099: done waiting for UI
002.676  000.003: clear screen
002.775  000.020  000.020: require('vim.keymap')
003.706  000.145  000.145: sourcing nvim_exec2()
003.851  001.173  001.007: require('vim._defaults')
003.852  000.003: init default mappings & autocommands
004.460  000.214  000.214: sourcing /opt/homebrew/Cellar/neovim/0.11.1/share/nvim/runtime/ftplugin.vim
004.657  000.130  000.130: sourcing /opt/homebrew/Cellar/neovim/0.11.1/share/nvim/runtime/indent.vim
005.470  000.003  000.003: sourcing nvim_exec2() called at /Users/dodo/.config/nvim/init.lua:0
005.656  000.475  000.472: require('rvldodo.core.options')
006.006  000.348  000.348: require('rvldodo.core.keymaps')
006.008  001.135  000.311: require('rvldodo.core')
006.850  000.569  000.569: require('lazy')
006.875  000.013  000.013: require('ffi')
006.906  000.019  000.019: require('vim.fs')
007.202  000.277  000.277: require('vim.uri')
007.212  000.335  000.038: require('vim.loader')
007.671  000.441  000.441: require('lazy.stats')
008.286  000.578  000.578: require('lazy.core.util')
008.482  000.195  000.195: require('lazy.core.config')
008.902  000.169  000.169: require('lazy.core.handler')
009.597  000.191  000.191: require('lazy.pkg')
009.601  000.382  000.191: require('lazy.core.meta')
009.605  000.703  000.321: require('lazy.core.plugin')
009.612  001.129  000.257: require('lazy.core.loader')
009.964  000.155  000.155: require('lazy.core.fragments')
015.486  000.240  000.240: require('lazy.core.handler.keys')
015.739  000.252  000.252: require('lazy.core.handler.event')
016.286  000.545  000.545: require('lazy.core.handler.ft')
016.415  000.126  000.126: require('lazy.core.handler.cmd')
016.522  000.004  000.004: sourcing nvim_exec2() called at /Users/dodo/.config/nvim/init.lua:0
016.559  000.001  000.001: sourcing nvim_exec2() called at /Users/dodo/.config/nvim/init.lua:0
016.661  000.001  000.001: sourcing nvim_exec2() called at /Users/dodo/.config/nvim/init.lua:0
016.667  000.001  000.001: sourcing nvim_exec2() called at /Users/dodo/.config/nvim/init.lua:0
016.766  000.001  000.001: sourcing nvim_exec2() called at /Users/dodo/.config/nvim/init.lua:0
016.771  000.001  000.001: sourcing nvim_exec2() called at /Users/dodo/.config/nvim/init.lua:0
017.183  000.001  000.001: sourcing nvim_exec2() called at /Users/dodo/.config/nvim/init.lua:0
017.191  000.001  000.001: sourcing nvim_exec2() called at /Users/dodo/.config/nvim/init.lua:0
017.198  000.001  000.001: sourcing nvim_exec2() called at /Users/dodo/.config/nvim/init.lua:0
017.203  000.001  000.001: sourcing nvim_exec2() called at /Users/dodo/.config/nvim/init.lua:0
017.256  000.001  000.001: sourcing nvim_exec2() called at /Users/dodo/.config/nvim/init.lua:0
017.261  000.001  000.001: sourcing nvim_exec2() called at /Users/dodo/.config/nvim/init.lua:0
017.275  000.001  000.001: sourcing nvim_exec2() called at /Users/dodo/.config/nvim/init.lua:0
017.513  000.164  000.164: sourcing /Users/dodo/.local/share/nvim/lazy/vim-protobuf/ftdetect/proto.vim
017.515  000.205  000.042: sourcing nvim_exec2() called at /Users/dodo/.config/nvim/init.lua:0
017.518  000.001  000.001: sourcing nvim_exec2() called at /Users/dodo/.config/nvim/init.lua:0
018.624  000.001  000.001: sourcing nvim_exec2() called at /Users/dodo/.config/nvim/init.lua:0
018.883  000.168  000.168: sourcing /Users/dodo/.local/share/nvim/lazy/rust.vim/ftdetect/rust.vim
018.885  000.203  000.034: sourcing nvim_exec2() called at /Users/dodo/.config/nvim/init.lua:0
018.887  000.001  000.001: sourcing nvim_exec2() called at /Users/dodo/.config/nvim/init.lua:0
019.167  000.098  000.098: sourcing nvim_exec2() called at /opt/homebrew/Cellar/neovim/0.11.1/share/nvim/runtime/filetype.lua:0
019.169  000.238  000.141: sourcing /opt/homebrew/Cellar/neovim/0.11.1/share/nvim/runtime/filetype.lua
019.170  000.274  000.036: sourcing nvim_exec2() called at /Users/dodo/.config/nvim/init.lua:0
020.356  000.530  000.530: require('snacks')
020.357  000.687  000.157: sourcing /Users/dodo/.local/share/nvim/lazy/snacks.nvim/plugin/snacks.lua
020.359  000.724  000.036: sourcing nvim_exec2() called at /Users/dodo/.config/nvim/init.lua:0
020.388  000.001  000.001: sourcing nvim_exec2() called at /Users/dodo/.config/nvim/init.lua:0
020.393  000.001  000.001: sourcing nvim_exec2() called at /Users/dodo/.config/nvim/init.lua:0
020.592  000.001  000.001: sourcing nvim_exec2() called at /Users/dodo/.config/nvim/init.lua:0
020.599  000.001  000.001: sourcing nvim_exec2() called at /Users/dodo/.config/nvim/init.lua:0
020.988  000.383  000.383: require('onedark')
022.170  000.070  000.070: require('onedark')
022.344  000.129  000.129: sourcing nvim_exec2() called at /Users/dodo/.local/share/nvim/lazy/onedark.nvim/colors/onedark.lua:0
022.443  000.095  000.095: sourcing nvim_exec2() called at /Users/dodo/.local/share/nvim/lazy/onedark.nvim/colors/onedark.lua:0
024.320  000.986  000.986: require('onedark.palette')
024.426  001.387  000.401: require('onedark.colors')
024.631  000.184  000.184: require('onedark.util')
024.735  002.276  000.705: require('onedark.highlights')
026.301  000.170  000.170: require('onedark.terminal')
026.305  004.470  001.729: sourcing /Users/dodo/.local/share/nvim/lazy/onedark.nvim/colors/onedark.lua
026.326  000.016  000.016: sourcing nvim_exec2() called at /Users/dodo/.config/nvim/init.lua:0
026.573  000.141  000.141: sourcing /Users/dodo/.local/share/nvim/lazy/nvim-web-devicons/plugin/nvim-web-devicons.vim
026.575  000.175  000.034: sourcing nvim_exec2() called at /Users/dodo/.config/nvim/init.lua:0
026.578  000.001  000.001: sourcing nvim_exec2() called at /Users/dodo/.config/nvim/init.lua:0
026.583  000.001  000.001: sourcing nvim_exec2() called at /Users/dodo/.config/nvim/init.lua:0
027.136  000.218  000.218: require('nvim-web-devicons.filetypes')
027.180  000.012  000.012: require('vim.F')
028.128  000.770  000.770: require('nvim-web-devicons.default.icons_by_filename')
028.533  000.404  000.404: require('nvim-web-devicons.default.icons_by_file_extension')
028.651  000.117  000.117: require('nvim-web-devicons.default.icons_by_operating_system')
028.748  000.096  000.096: require('nvim-web-devicons.default.icons_by_desktop_environment')
028.846  000.097  000.097: require('nvim-web-devicons.default.icons_by_window_manager')
028.846  001.656  000.172: require('nvim-web-devicons.icons-default')
029.026  002.438  000.553: require('nvim-web-devicons')
029.185  000.013  000.013: sourcing nvim_exec2() called at /Users/dodo/.config/nvim/init.lua:0
031.037  000.082  000.082: require('mason-core.functional.data')
031.216  000.178  000.178: require('mason-core.functional.function')
031.306  000.086  000.086: require('mason-core.functional.list')
031.409  000.100  000.100: require('mason-core.functional.relation')
031.514  000.103  000.103: require('mason-core.functional.logic')
031.625  000.110  000.110: require('mason-core.functional.number')
031.721  000.094  000.094: require('mason-core.functional.string')
031.837  000.114  000.114: require('mason-core.functional.table')
031.926  000.087  000.087: require('mason-core.functional.type')
031.928  001.394  000.441: require('mason-core.functional')
032.040  000.112  000.112: require('mason-core.path')
032.152  000.111  000.111: require('mason.settings')
032.165  001.802  000.185: require('mason-core.log')
032.166  002.005  000.203: require('mason-core.EventEmitter')
032.429  000.119  000.119: require('mason-core.platform')
032.431  000.237  000.118: require('mason-core.installer.InstallLocation')
032.633  000.201  000.201: require('mason-registry.sources')
032.638  002.732  000.290: require('mason-registry')
032.729  000.089  000.089: require('mason.version')
032.756  003.227  000.405: require('mason-tool-installer')
032.762  003.289  000.062: sourcing /Users/dodo/.local/share/nvim/lazy/mason-tool-installer.nvim/plugin/mason-tool-installer.lua
032.764  003.322  000.033: sourcing nvim_exec2() called at /Users/dodo/.config/nvim/init.lua:0
032.767  000.001  000.001: sourcing nvim_exec2() called at /Users/dodo/.config/nvim/init.lua:0
032.776  000.001  000.001: sourcing nvim_exec2() called at /Users/dodo/.config/nvim/init.lua:0
033.259  000.135  000.135: require('mason-lspconfig.settings')
033.261  000.395  000.259: require('mason-lspconfig')
035.922  000.001  000.001: sourcing nvim_exec2() called at /Users/dodo/.config/nvim/init.lua:0
035.926  000.001  000.001: sourcing nvim_exec2() called at /Users/dodo/.config/nvim/init.lua:0
036.055  000.127  000.127: require('mason')
036.555  000.283  000.283: require('mason.api.command')
036.564  000.001  000.001: sourcing nvim_exec2() called at /Users/dodo/.config/nvim/init.lua:0
036.569  000.001  000.001: sourcing nvim_exec2() called at /Users/dodo/.config/nvim/init.lua:0
036.675  000.100  000.100: require('mason-core.async')
036.857  000.089  000.089: require('mason-core.async.control')
036.949  000.092  000.092: require('mason-core.result')
037.122  000.085  000.085: require('mason-core.async.uv')
037.126  000.176  000.090: require('mason-core.fs')
037.169  000.492  000.136: require('mason-registry.installer')
037.639  000.110  000.110: require('mason-core.optional')
038.245  000.216  000.216: require('mason-core.process')
038.585  000.339  000.339: require('mason-core.spawn')
038.587  000.752  000.198: require('mason-core.installer.managers.powershell')
038.589  000.949  000.196: require('mason-core.fetch')
038.680  000.091  000.091: require('mason-core.providers')
039.299  000.294  000.294: require('mason-core.purl')
039.311  000.434  000.140: require('mason-core.package.AbstractPackage')
039.817  000.080  000.080: require('mason-core.installer.compiler.expr')
039.820  000.275  000.195: require('mason-core.installer.compiler.link')
040.203  000.075  000.075: require('mason-core.installer.context.InstallContextCwd')
040.305  000.101  000.101: require('mason-core.installer.context.InstallContextFs')
040.376  000.071  000.071: require('mason-core.installer.context.InstallContextSpawn')
040.462  000.084  000.084: require('mason-core.receipt')
040.489  000.441  000.109: require('mason-core.installer.context')
040.490  000.514  000.074: require('mason-core.installer')
040.496  000.601  000.087: require('mason-core.installer.managers.std')
040.497  000.676  000.075: require('mason-core.installer.compiler.schemas')
040.580  000.083  000.083: require('mason-core.installer.compiler.util')
040.585  001.159  000.125: require('mason-core.installer.compiler')
040.662  000.076  000.076: require('mason-core.installer.linker')
040.664  001.353  000.117: require('mason-core.installer.InstallRunner')
040.742  000.077  000.077: require('mason-core.installer.UninstallRunner')
040.745  001.985  000.121: require('mason-core.package')
040.746  002.065  000.080: require('mason-registry.sources.util')
040.750  003.442  000.227: require('mason-registry.sources.github')
043.242  000.246  000.246: require('mason-lspconfig.mappings')
043.244  000.329  000.084: require('mason-lspconfig.features.automatic_enable')
046.450  000.255  000.255: require('vim.lsp.log')
047.382  000.930  000.930: require('vim.lsp.protocol')
048.097  000.713  000.713: require('vim.lsp.util')
048.455  000.089  000.089: require('vim.lsp.sync')
048.458  000.350  000.261: require('vim.lsp._changetracking')
048.743  000.088  000.088: require('vim.lsp._transport')
048.751  000.292  000.204: require('vim.lsp.rpc')
048.788  002.908  000.368: require('vim.lsp')
094.518  000.173  000.173: require('mason-lspconfig.notify')
094.534  000.376  000.204: require('mason-lspconfig.api.command')
095.236  000.103  000.103: require('gen.prompts')
095.242  000.509  000.406: require('gen')
095.243  000.572  000.063: sourcing /Users/dodo/.local/share/nvim/lazy/gen.nvim/plugin/gen.lua
095.246  000.641  000.069: sourcing nvim_exec2() called at /Users/dodo/.config/nvim/init.lua:0
095.252  000.002  000.002: sourcing nvim_exec2() called at /Users/dodo/.config/nvim/init.lua:0
095.258  000.001  000.001: sourcing nvim_exec2() called at /Users/dodo/.config/nvim/init.lua:0
095.294  000.001  000.001: sourcing nvim_exec2() called at /Users/dodo/.config/nvim/init.lua:0
095.297  000.000  000.000: sourcing nvim_exec2() called at /Users/dodo/.config/nvim/init.lua:0
096.112  000.002  000.002: sourcing nvim_exec2() called at /Users/dodo/.config/nvim/init.lua:0
096.119  000.001  000.001: sourcing nvim_exec2() called at /Users/dodo/.config/nvim/init.lua:0
096.229  000.001  000.001: sourcing nvim_exec2() called at /Users/dodo/.config/nvim/init.lua:0
096.232  000.001  000.001: sourcing nvim_exec2() called at /Users/dodo/.config/nvim/init.lua:0
096.396  000.001  000.001: sourcing nvim_exec2() called at /Users/dodo/.config/nvim/init.lua:0
096.399  000.000  000.000: sourcing nvim_exec2() called at /Users/dodo/.config/nvim/init.lua:0
096.562  000.103  000.103: sourcing /Users/dodo/.local/share/nvim/lazy/nvim-dap/plugin/dap.lua
096.564  000.140  000.037: sourcing nvim_exec2() called at /Users/dodo/.config/nvim/init.lua:0
096.566  000.001  000.001: sourcing nvim_exec2() called at /Users/dodo/.config/nvim/init.lua:0
096.571  000.000  000.000: sourcing nvim_exec2() called at /Users/dodo/.config/nvim/init.lua:0
097.171  000.113  000.113: require('dap.utils')
097.207  000.635  000.521: require('dap')
097.579  000.133  000.133: require('nio.tasks')
097.704  000.124  000.124: require('nio.control')
097.950  000.245  000.245: require('nio.uv')
098.076  000.125  000.125: require('nio.tests')
098.319  000.125  000.125: require('vim.ui')
098.323  000.246  000.121: require('nio.ui')
098.667  000.194  000.194: require('nio.streams')
098.670  000.347  000.153: require('nio.file')
099.187  000.102  000.102: require('nio.util')
099.453  000.253  000.253: require('vim.iter')
099.501  000.656  000.300: require('nio.logger')
099.505  000.834  000.179: require('nio.lsp')
099.639  000.133  000.133: require('nio.process')
099.647  002.312  000.125: require('nio')
100.273  000.009  000.009: sourcing nvim_exec2() called at /Users/dodo/.config/nvim/init.lua:0
100.275  000.115  000.106: require('dapui.config.highlights')
100.304  000.026  000.026: sourcing nvim_exec2() called at /Users/dodo/.config/nvim/init.lua:0
100.341  000.408  000.267: require('dapui.config')
100.345  000.576  000.169: require('dapui.util')
100.459  000.114  000.114: require('dapui.windows.layout')
100.462  000.814  000.124: require('dapui.windows')
100.602  000.140  000.140: require('dapui.controls')
100.607  003.399  000.133: require('dapui')
100.716  000.017  000.017: sourcing nvim_exec2() called at /Users/dodo/.config/nvim/init.lua:0
101.039  000.188  000.188: require('dapui.client.types')
101.040  000.305  000.117: require('dapui.client')
101.262  000.221  000.221: require('dap.breakpoints')
101.388  000.120  000.120: require('dapui.client.lib')
101.600  000.111  000.111: require('dapui.render.canvas')
101.602  000.207  000.095: require('dapui.elements.breakpoints')
101.744  000.130  000.130: require('dapui.components.breakpoints')
101.887  000.126  000.126: require('dapui.elements.repl')
102.001  000.112  000.112: require('dapui.elements.scopes')
102.157  000.136  000.136: require('dapui.components.scopes')
102.257  000.099  000.099: require('dapui.components.variables')
102.391  000.126  000.126: require('dapui.elements.stacks')
102.593  000.104  000.104: require('dapui.components.frames')
102.594  000.192  000.088: require('dapui.components.threads')
102.703  000.094  000.094: require('dapui.elements.watches')
102.835  000.123  000.123: require('dapui.components.watches')
102.986  000.104  000.104: require('dapui.elements.hover')
103.112  000.108  000.108: require('dapui.components.hover')
103.221  000.106  000.106: require('dapui.elements.console')
103.668  000.177  000.177: require('dap-go-ts')
103.685  000.323  000.146: require('dap-go')
103.779  007.946  001.117: require('dap')
103.790  008.492  000.546: require('nvim-dap-virtual-text')
103.822  000.005  000.005: sourcing nvim_exec2() called at /Users/dodo/.config/nvim/init.lua:0
103.841  000.008  000.008: sourcing nvim_exec2() called at /Users/dodo/.config/nvim/init.lua:0
105.048  001.048  001.048: sourcing /Users/dodo/.local/share/nvim/lazy/vim-wakatime/plugin/wakatime.vim
105.050  001.086  000.039: sourcing nvim_exec2() called at /Users/dodo/.config/nvim/init.lua:0
105.053  000.001  000.001: sourcing nvim_exec2() called at /Users/dodo/.config/nvim/init.lua:0
105.068  000.001  000.001: sourcing nvim_exec2() called at /Users/dodo/.config/nvim/init.lua:0
105.226  000.001  000.001: sourcing nvim_exec2() called at /Users/dodo/.config/nvim/init.lua:0
105.234  000.001  000.001: sourcing nvim_exec2() called at /Users/dodo/.config/nvim/init.lua:0
106.452  000.663  000.663: require('nvim-tree.log')
107.513  000.604  000.604: require('nvim-tree.iterators.node-iterator')
107.545  001.092  000.489: require('nvim-tree.utils')
108.550  000.087  000.087: require('nvim-tree.notify')
108.553  000.187  000.100: require('nvim-tree.events')
108.555  000.407  000.220: require('nvim-tree.core')
108.727  000.085  000.085: require('nvim-tree.git.utils')
108.809  000.081  000.081: require('nvim-tree.renderer.components.devicons')
108.968  000.079  000.079: require('nvim-tree.classic')
108.971  000.162  000.083: require('nvim-tree.node')
108.974  000.419  000.091: require('nvim-tree.node.directory')
108.975  001.072  000.246: require('nvim-tree.actions.finders.find-file')
109.084  000.108  000.108: require('nvim-tree.actions.finders.search-node')
109.085  001.353  000.173: require('nvim-tree.actions.finders')
109.343  000.093  000.093: require('nvim-tree.node.file')
109.345  000.178  000.085: require('nvim-tree.actions.fs.create-file')
109.515  000.083  000.083: require('nvim-tree.lib')
109.680  000.082  000.082: require('nvim-tree.node.link')
109.683  000.167  000.085: require('nvim-tree.node.directory-link')
109.685  000.340  000.089: require('nvim-tree.actions.fs.remove-file')
109.769  000.084  000.084: require('nvim-tree.actions.fs.rename-file')
109.855  000.084  000.084: require('nvim-tree.actions.fs.trash')
109.856  000.770  000.084: require('nvim-tree.actions.fs')
110.228  000.198  000.198: require('nvim-tree.diagnostics')
110.229  000.277  000.079: require('nvim-tree.actions.moves.item')
110.311  000.081  000.081: require('nvim-tree.actions.moves.parent')
110.394  000.082  000.082: require('nvim-tree.actions.moves.sibling')
110.394  000.538  000.098: require('nvim-tree.actions.moves')
110.554  000.083  000.083: require('nvim-tree.actions.node.file-popup')
110.765  000.210  000.210: require('nvim-tree.actions.node.open-file')
110.847  000.082  000.082: require('nvim-tree.actions.node.run-command')
110.924  000.076  000.076: require('nvim-tree.actions.node.system-open')
111.004  000.079  000.079: require('nvim-tree.actions.node.buffer')
111.005  000.610  000.080: require('nvim-tree.actions.node')
111.176  000.079  000.079: require('nvim-tree.actions.root.change-dir')
111.257  000.081  000.081: require('nvim-tree.actions.root.dir-up')
111.258  000.252  000.092: require('nvim-tree.actions.root')
111.460  000.087  000.087: require('nvim-tree.actions.tree.find-file')
111.621  000.081  000.081: require('nvim-tree.actions.tree.modifiers.collapse')
111.707  000.085  000.085: require('nvim-tree.actions.tree.modifiers.expand')
111.708  000.247  000.081: require('nvim-tree.actions.tree.modifiers')
111.787  000.079  000.079: require('nvim-tree.actions.tree.open')
111.864  000.076  000.076: require('nvim-tree.actions.tree.toggle')
111.945  000.080  000.080: require('nvim-tree.actions.tree.resize')
111.946  000.687  000.118: require('nvim-tree.actions.tree')
111.947  004.401  000.190: require('nvim-tree.actions')
112.299  000.348  000.348: require('vim.diagnostic')
112.310  007.047  000.543: require('nvim-tree')
112.413  000.087  000.087: require('nvim-tree.legacy')
112.632  000.017  000.017: sourcing nvim_exec2() called at /Users/dodo/.config/nvim/init.lua:0
112.635  000.002  000.002: sourcing nvim_exec2() called at /Users/dodo/.config/nvim/init.lua:0
112.887  000.244  000.244: require('nvim-tree.keymap')
113.108  000.219  000.219: require('nvim-tree.appearance')
113.532  000.081  000.081: require('nvim-tree.buffers')
113.707  000.083  000.083: require('nvim-tree.git.runner')
113.811  000.104  000.104: require('nvim-tree.watcher')
113.814  000.281  000.094: require('nvim-tree.git')
113.976  000.083  000.083: require('nvim-tree.node.file-link')
113.977  000.162  000.079: require('nvim-tree.node.factory')
114.055  000.077  000.077: require('nvim-tree.node.root')
114.321  000.076  000.076: require('nvim-tree.enum')
114.323  000.268  000.192: require('nvim-tree.explorer.filters')
114.546  000.222  000.222: require('nvim-tree.marks')
115.221  000.674  000.674: require('nvim-tree.explorer.live-filter')
115.338  000.117  000.117: require('nvim-tree.explorer.sorter')
115.562  000.223  000.223: require('nvim-tree.actions.fs.clipboard')
116.077  000.116  000.116: require('nvim-tree.renderer.decorator')
116.080  000.203  000.087: require('nvim-tree.renderer.decorator.bookmarks')
116.163  000.082  000.082: require('nvim-tree.renderer.decorator.copied')
116.248  000.084  000.084: require('nvim-tree.renderer.decorator.cut')
116.330  000.082  000.082: require('nvim-tree.renderer.decorator.diagnostics')
116.417  000.087  000.087: require('nvim-tree.renderer.decorator.git')
116.498  000.080  000.080: require('nvim-tree.renderer.decorator.hidden')
116.606  000.107  000.107: require('nvim-tree.renderer.decorator.modified')
116.726  000.120  000.120: require('nvim-tree.renderer.decorator.opened')
116.806  000.079  000.079: require('nvim-tree.renderer.decorator.user')
116.886  000.079  000.079: require('nvim-tree.renderer.components.padding')
116.913  001.256  000.253: require('nvim-tree.renderer.builder')
116.940  001.378  000.122: require('nvim-tree.renderer')
117.234  000.071  000.071: require('nvim-tree.globals')
117.266  000.325  000.254: require('nvim-tree.explorer.view')
117.274  004.026  000.219: require('nvim-tree.explorer')
117.363  000.088  000.088: require('nvim-tree.explorer.watch')
117.522  000.081  000.081: require('nvim-tree.renderer.components.full-name')
117.524  000.159  000.078: require('nvim-tree.renderer.components')
117.618  000.091  000.091: require('nvim-tree.help')
117.796  000.088  000.088: require('nvim-tree.appearance.hi-test')
117.838  000.219  000.131: require('nvim-tree.api')
117.916  000.077  000.077: require('nvim-tree.multi-instance-debug')
118.060  000.082  000.082: require('nvim-tree.commands')
118.339  000.002  000.002: sourcing nvim_exec2() called at /Users/dodo/.config/nvim/init.lua:0
118.343  000.001  000.001: sourcing nvim_exec2() called at /Users/dodo/.config/nvim/init.lua:0
118.966  000.190  000.190: require('dbee.install')
120.003  000.187  000.187: require('dbee.utils')
120.005  000.458  000.271: require('dbee.ui.common.floats')
120.922  000.098  000.098: require('nui.object')
121.395  000.287  000.287: require('vim.version')
122.016  001.093  000.806: require('nui.utils')
122.295  000.101  000.101: require('nui.text')
122.299  000.183  000.082: require('nui.line')
122.300  000.283  000.100: require('nui.tree.util')
122.305  002.102  000.628: require('nui.tree')
122.410  000.104  000.104: require('dbee.ui.common')
122.974  000.284  000.284: require('nui.popup.border')
123.052  000.077  000.077: require('nui.utils.buf_storage')
123.155  000.102  000.102: require('nui.utils.autocmd')
123.238  000.083  000.083: require('nui.utils.keymap')
123.355  000.116  000.116: require('nui.layout.utils')
123.365  000.782  000.119: require('nui.popup')
123.372  000.882  000.101: require('nui.menu')
123.631  000.259  000.259: require('nui.input')
123.632  001.222  000.081: require('dbee.ui.drawer.menu')
123.867  000.215  000.215: require('dbee.ui.drawer.convert')
123.960  000.093  000.093: require('dbee.ui.drawer.expansion')
123.963  003.957  000.221: require('dbee.ui.drawer')
124.252  000.091  000.091: require('dbee.ui.editor.welcome')
124.254  000.291  000.200: require('dbee.ui.editor')
124.544  000.087  000.087: require('dbee.ui.result.progress')
124.547  000.292  000.205: require('dbee.ui.result')
124.644  000.097  000.097: require('dbee.ui.call_log')
124.821  000.086  000.086: require('dbee.handler.__events')
124.825  000.180  000.094: require('dbee.handler')
124.909  000.084  000.084: require('dbee.api.__register')
124.915  005.534  000.176: require('dbee.api.state')
124.917  005.694  000.160: require('dbee.api.core')
125.006  000.089  000.089: require('dbee.api.ui')
125.008  006.041  000.258: require('dbee.api')
125.440  000.229  000.229: require('dbee.sources')
125.648  000.085  000.085: require('dbee.layouts.tools')
125.650  000.196  000.112: require('dbee.layouts')
125.651  000.643  000.217: require('dbee.config')
125.655  007.183  000.310: require('dbee')
125.659  007.248  000.065: sourcing /Users/dodo/.local/share/nvim/lazy/nvim-dbee/plugin/dbee.lua
125.661  007.290  000.042: sourcing nvim_exec2() called at /Users/dodo/.config/nvim/init.lua:0
125.664  000.001  000.001: sourcing nvim_exec2() called at /Users/dodo/.config/nvim/init.lua:0
125.669  000.001  000.001: sourcing nvim_exec2() called at /Users/dodo/.config/nvim/init.lua:0
126.312  000.191  000.191: require('vim.health')
126.314  000.637  000.446: require('vim.deprecated.health')
126.651  000.001  000.001: sourcing nvim_exec2() called at /Users/dodo/.config/nvim/init.lua:0
126.656  000.000  000.000: sourcing nvim_exec2() called at /Users/dodo/.config/nvim/init.lua:0
126.786  000.001  000.001: sourcing nvim_exec2() called at /Users/dodo/.config/nvim/init.lua:0
126.797  000.001  000.001: sourcing nvim_exec2() called at /Users/dodo/.config/nvim/init.lua:0
127.563  000.110  000.110: sourcing /Users/dodo/.local/share/nvim/lazy/plenary.nvim/plugin/plenary.vim
127.564  000.147  000.037: sourcing nvim_exec2() called at /Users/dodo/.config/nvim/init.lua:0
127.591  000.001  000.001: sourcing nvim_exec2() called at /Users/dodo/.config/nvim/init.lua:0
127.596  000.000  000.000: sourcing nvim_exec2() called at /Users/dodo/.config/nvim/init.lua:0
128.609  000.112  000.112: require('plenary.bit')
128.700  000.090  000.090: require('plenary.functional')
128.720  000.960  000.758: require('plenary.path')
128.764  001.496  000.389: require('plenary.log')
128.774  001.652  000.155: require('lsp-file-operations.log')
128.777  001.972  000.320: require('lsp-file-operations')
129.327  000.001  000.001: sourcing nvim_exec2() called at /Users/dodo/.config/nvim/init.lua:0
129.331  000.000  000.000: sourcing nvim_exec2() called at /Users/dodo/.config/nvim/init.lua:0
129.539  000.200  000.200: require('neodev')
129.616  000.076  000.076: require('neodev.config')
129.957  000.149  000.149: require('neodev.util')
129.958  000.339  000.190: require('neodev.lsp')
130.389  000.430  000.430: require('lspconfig.util')
131.875  001.154  001.154: sourcing /Users/dodo/.local/share/nvim/lazy/nvim-lspconfig/plugin/lspconfig.lua
131.877  001.183  000.030: sourcing nvim_exec2() called at /Users/dodo/.config/nvim/init.lua:0
131.880  000.001  000.001: sourcing nvim_exec2() called at /Users/dodo/.config/nvim/init.lua:0
131.885  000.000  000.000: sourcing nvim_exec2() called at /Users/dodo/.config/nvim/init.lua:0
132.156  000.090  000.090: require('lspconfig.async')
132.157  000.179  000.089: require('lspconfig.configs')
132.160  000.273  000.094: require('lspconfig')
132.479  000.149  000.149: require('cmp_nvim_lsp.source')
132.480  000.320  000.171: require('cmp_nvim_lsp')
188.392  000.709  000.709: sourcing /Users/dodo/.local/share/nvim/lazy/nvim-jdtls/plugin/nvim_jdtls.vim
188.396  000.775  000.066: sourcing nvim_exec2() called at /Users/dodo/.config/nvim/init.lua:0
188.406  000.001  000.001: sourcing nvim_exec2() called at /Users/dodo/.config/nvim/init.lua:0
188.415  000.001  000.001: sourcing nvim_exec2() called at /Users/dodo/.config/nvim/init.lua:0
188.420  000.001  000.001: sourcing nvim_exec2() called at /Users/dodo/.config/nvim/init.lua:0
188.425  000.000  000.000: sourcing nvim_exec2() called at /Users/dodo/.config/nvim/init.lua:0
188.849  000.152  000.152: require('springboot-nvim.generateclass')
189.401  000.184  000.184: require('springboot-nvim.ui.ui_utils')
189.647  000.245  000.245: require('springboot-nvim.utils')
189.650  000.799  000.370: require('springboot-nvim.ui.springboot_nvim_ui')
189.937  000.286  000.286: require('create_springboot_project')
190.775  000.140  000.140: require('jdtls.ui')
190.912  000.136  000.136: require('jdtls.util')
191.196  000.283  000.283: require('jdtls.dap')
191.455  000.258  000.258: require('jdtls.setup')
192.023  000.349  000.349: require('vim.lsp.completion')
192.071  000.595  000.247: require('vim.lsp.handlers')
192.077  002.138  000.726: require('jdtls')
192.079  003.651  000.276: require('springboot-nvim')
192.148  000.010  000.010: sourcing nvim_exec2() called at /Users/dodo/.config/nvim/init.lua:0
192.153  000.003  000.003: sourcing nvim_exec2() called at /Users/dodo/.config/nvim/init.lua:0
192.158  000.004  000.004: sourcing nvim_exec2() called at /Users/dodo/.config/nvim/init.lua:0
192.186  000.001  000.001: sourcing nvim_exec2() called at /Users/dodo/.config/nvim/init.lua:0
192.194  000.001  000.001: sourcing nvim_exec2() called at /Users/dodo/.config/nvim/init.lua:0
192.875  000.128  000.128: require('bufferline.lazy')
193.018  000.139  000.139: require('bufferline.commands')
193.329  000.300  000.300: require('bufferline.config')
193.336  001.139  000.573: require('bufferline')
193.708  000.127  000.127: require('bufferline.utils')
193.710  000.367  000.240: require('bufferline.groups')
193.908  000.097  000.097: require('bufferline.constants')
194.002  000.092  000.092: require('bufferline.colors')
194.181  000.103  000.103: require('bufferline.highlights')
195.092  000.593  000.593: require('bufferline.hover')
195.337  000.217  000.217: require('bufferline.ui')
195.413  000.001  000.001: sourcing nvim_exec2() called at /Users/dodo/.config/nvim/init.lua:0
195.418  000.001  000.001: sourcing nvim_exec2() called at /Users/dodo/.config/nvim/init.lua:0
197.176  000.120  000.120: require('smear_cursor.config')
197.282  000.105  000.105: require('smear_cursor.math')
197.299  001.047  000.822: require('smear_cursor.color')
198.264  000.454  000.454: require('smear_cursor.draw')
198.475  000.211  000.211: require('smear_cursor.screen')
198.496  000.993  000.328: require('smear_cursor.animation')
198.503  001.203  000.210: require('smear_cursor.events')
198.506  003.078  000.828: require('smear_cursor')
198.716  000.001  000.001: sourcing nvim_exec2() called at /Users/dodo/.config/nvim/init.lua:0
198.723  000.001  000.001: sourcing nvim_exec2() called at /Users/dodo/.config/nvim/init.lua:0
200.248  000.709  000.709: require('lualine_require')
201.037  002.304  001.595: require('lualine')
201.202  000.164  000.164: require('lazy.status')
201.717  000.006  000.006: sourcing nvim_exec2() called at /Users/dodo/.config/nvim/init.lua:0
202.347  000.006  000.006: sourcing nvim_exec2() called at /Users/dodo/.config/nvim/init.lua:0
202.353  000.002  000.002: sourcing nvim_exec2() called at /Users/dodo/.config/nvim/init.lua:0
202.366  000.001  000.001: sourcing nvim_exec2() called at /Users/dodo/.config/nvim/init.lua:0
202.373  000.001  000.001: sourcing nvim_exec2() called at /Users/dodo/.config/nvim/init.lua:0
202.378  000.001  000.001: sourcing nvim_exec2() called at /Users/dodo/.config/nvim/init.lua:0
202.386  000.001  000.001: sourcing nvim_exec2() called at /Users/dodo/.config/nvim/init.lua:0
202.393  000.002  000.002: sourcing nvim_exec2() called at /Users/dodo/.config/nvim/init.lua:0
202.398  000.001  000.001: sourcing nvim_exec2() called at /Users/dodo/.config/nvim/init.lua:0
202.403  000.001  000.001: sourcing nvim_exec2() called at /Users/dodo/.config/nvim/init.lua:0
202.409  000.001  000.001: sourcing nvim_exec2() called at /Users/dodo/.config/nvim/init.lua:0
202.467  000.002  000.002: sourcing nvim_exec2() called at /Users/dodo/.config/nvim/init.lua:0
202.471  000.001  000.001: sourcing nvim_exec2() called at /Users/dodo/.config/nvim/init.lua:0
202.481  000.001  000.001: sourcing nvim_exec2() called at /Users/dodo/.config/nvim/init.lua:0
202.512  000.001  000.001: sourcing nvim_exec2() called at /Users/dodo/.config/nvim/init.lua:0
202.516  000.001  000.001: sourcing nvim_exec2() called at /Users/dodo/.config/nvim/init.lua:0
202.532  000.015  000.015: sourcing nvim_exec2() called at /Users/dodo/.config/nvim/init.lua:0
202.536  000.001  000.001: sourcing nvim_exec2() called at /Users/dodo/.config/nvim/init.lua:0
202.539  000.001  000.001: sourcing nvim_exec2() called at /Users/dodo/.config/nvim/init.lua:0
202.541  000.001  000.001: sourcing nvim_exec2() called at /Users/dodo/.config/nvim/init.lua:0
202.544  000.001  000.001: sourcing nvim_exec2() called at /Users/dodo/.config/nvim/init.lua:0
202.547  000.001  000.001: sourcing nvim_exec2() called at /Users/dodo/.config/nvim/init.lua:0
202.559  000.001  000.001: sourcing nvim_exec2() called at /Users/dodo/.config/nvim/init.lua:0
202.565  000.005  000.005: sourcing nvim_exec2() called at /Users/dodo/.config/nvim/init.lua:0
204.363  000.188  000.188: require('lualine.utils.mode')
204.710  000.002  000.002: sourcing nvim_exec2() called at /Users/dodo/.config/nvim/init.lua:0
204.714  000.001  000.001: sourcing nvim_exec2() called at /Users/dodo/.config/nvim/init.lua:0
204.719  000.001  000.001: sourcing nvim_exec2() called at /Users/dodo/.config/nvim/init.lua:0
204.722  000.001  000.001: sourcing nvim_exec2() called at /Users/dodo/.config/nvim/init.lua:0
204.725  000.001  000.001: sourcing nvim_exec2() called at /Users/dodo/.config/nvim/init.lua:0
204.729  000.001  000.001: sourcing nvim_exec2() called at /Users/dodo/.config/nvim/init.lua:0
204.732  000.001  000.001: sourcing nvim_exec2() called at /Users/dodo/.config/nvim/init.lua:0
204.998  000.002  000.002: sourcing nvim_exec2() called at /Users/dodo/.config/nvim/init.lua:0
205.002  000.001  000.001: sourcing nvim_exec2() called at /Users/dodo/.config/nvim/init.lua:0
205.006  000.001  000.001: sourcing nvim_exec2() called at /Users/dodo/.config/nvim/init.lua:0
205.009  000.001  000.001: sourcing nvim_exec2() called at /Users/dodo/.config/nvim/init.lua:0
205.012  000.001  000.001: sourcing nvim_exec2() called at /Users/dodo/.config/nvim/init.lua:0
205.015  000.001  000.001: sourcing nvim_exec2() called at /Users/dodo/.config/nvim/init.lua:0
205.018  000.001  000.001: sourcing nvim_exec2() called at /Users/dodo/.config/nvim/init.lua:0
205.108  000.001  000.001: sourcing nvim_exec2() called at /Users/dodo/.config/nvim/init.lua:0
205.112  000.001  000.001: sourcing nvim_exec2() called at /Users/dodo/.config/nvim/init.lua:0
205.115  000.001  000.001: sourcing nvim_exec2() called at /Users/dodo/.config/nvim/init.lua:0
205.119  000.001  000.001: sourcing nvim_exec2() called at /Users/dodo/.config/nvim/init.lua:0
205.121  000.001  000.001: sourcing nvim_exec2() called at /Users/dodo/.config/nvim/init.lua:0
205.124  000.001  000.001: sourcing nvim_exec2() called at /Users/dodo/.config/nvim/init.lua:0
205.127  000.001  000.001: sourcing nvim_exec2() called at /Users/dodo/.config/nvim/init.lua:0
205.188  000.002  000.002: sourcing nvim_exec2() called at /Users/dodo/.config/nvim/init.lua:0
205.191  000.001  000.001: sourcing nvim_exec2() called at /Users/dodo/.config/nvim/init.lua:0
205.194  000.001  000.001: sourcing nvim_exec2() called at /Users/dodo/.config/nvim/init.lua:0
205.197  000.001  000.001: sourcing nvim_exec2() called at /Users/dodo/.config/nvim/init.lua:0
205.200  000.001  000.001: sourcing nvim_exec2() called at /Users/dodo/.config/nvim/init.lua:0
205.202  000.001  000.001: sourcing nvim_exec2() called at /Users/dodo/.config/nvim/init.lua:0
205.205  000.001  000.001: sourcing nvim_exec2() called at /Users/dodo/.config/nvim/init.lua:0
205.215  000.001  000.001: sourcing nvim_exec2() called at /Users/dodo/.config/nvim/init.lua:0
205.218  000.001  000.001: sourcing nvim_exec2() called at /Users/dodo/.config/nvim/init.lua:0
205.221  000.001  000.001: sourcing nvim_exec2() called at /Users/dodo/.config/nvim/init.lua:0
205.224  000.001  000.001: sourcing nvim_exec2() called at /Users/dodo/.config/nvim/init.lua:0
205.226  000.001  000.001: sourcing nvim_exec2() called at /Users/dodo/.config/nvim/init.lua:0
205.229  000.001  000.001: sourcing nvim_exec2() called at /Users/dodo/.config/nvim/init.lua:0
205.232  000.001  000.001: sourcing nvim_exec2() called at /Users/dodo/.config/nvim/init.lua:0
205.607  000.002  000.002: sourcing nvim_exec2() called at /Users/dodo/.config/nvim/init.lua:0
205.611  000.001  000.001: sourcing nvim_exec2() called at /Users/dodo/.config/nvim/init.lua:0
205.614  000.001  000.001: sourcing nvim_exec2() called at /Users/dodo/.config/nvim/init.lua:0
205.617  000.001  000.001: sourcing nvim_exec2() called at /Users/dodo/.config/nvim/init.lua:0
205.620  000.001  000.001: sourcing nvim_exec2() called at /Users/dodo/.config/nvim/init.lua:0
205.623  000.001  000.001: sourcing nvim_exec2() called at /Users/dodo/.config/nvim/init.lua:0
205.630  000.001  000.001: sourcing nvim_exec2() called at /Users/dodo/.config/nvim/init.lua:0
205.660  000.004  000.004: sourcing nvim_exec2() called at /Users/dodo/.config/nvim/init.lua:0
205.663  000.001  000.001: sourcing nvim_exec2() called at /Users/dodo/.config/nvim/init.lua:0
205.665  000.001  000.001: sourcing nvim_exec2() called at /Users/dodo/.config/nvim/init.lua:0
205.668  000.001  000.001: sourcing nvim_exec2() called at /Users/dodo/.config/nvim/init.lua:0
205.671  000.001  000.001: sourcing nvim_exec2() called at /Users/dodo/.config/nvim/init.lua:0
205.674  000.001  000.001: sourcing nvim_exec2() called at /Users/dodo/.config/nvim/init.lua:0
205.677  000.001  000.001: sourcing nvim_exec2() called at /Users/dodo/.config/nvim/init.lua:0
205.681  000.001  000.001: sourcing nvim_exec2() called at /Users/dodo/.config/nvim/init.lua:0
205.684  000.001  000.001: sourcing nvim_exec2() called at /Users/dodo/.config/nvim/init.lua:0
205.719  000.001  000.001: sourcing nvim_exec2() called at /Users/dodo/.config/nvim/init.lua:0
205.749  000.001  000.001: sourcing nvim_exec2() called at /Users/dodo/.config/nvim/init.lua:0
205.777  000.001  000.001: sourcing nvim_exec2() called at /Users/dodo/.config/nvim/init.lua:0
205.806  000.001  000.001: sourcing nvim_exec2() called at /Users/dodo/.config/nvim/init.lua:0
205.814  000.001  000.001: sourcing nvim_exec2() called at /Users/dodo/.config/nvim/init.lua:0
205.818  000.001  000.001: sourcing nvim_exec2() called at /Users/dodo/.config/nvim/init.lua:0
205.821  000.001  000.001: sourcing nvim_exec2() called at /Users/dodo/.config/nvim/init.lua:0
205.823  000.001  000.001: sourcing nvim_exec2() called at /Users/dodo/.config/nvim/init.lua:0
205.826  000.001  000.001: sourcing nvim_exec2() called at /Users/dodo/.config/nvim/init.lua:0
205.829  000.001  000.001: sourcing nvim_exec2() called at /Users/dodo/.config/nvim/init.lua:0
205.831  000.001  000.001: sourcing nvim_exec2() called at /Users/dodo/.config/nvim/init.lua:0
205.834  000.001  000.001: sourcing nvim_exec2() called at /Users/dodo/.config/nvim/init.lua:0
205.892  000.001  000.001: sourcing nvim_exec2() called at /Users/dodo/.config/nvim/init.lua:0
205.895  000.001  000.001: sourcing nvim_exec2() called at /Users/dodo/.config/nvim/init.lua:0
205.898  000.001  000.001: sourcing nvim_exec2() called at /Users/dodo/.config/nvim/init.lua:0
205.900  000.001  000.001: sourcing nvim_exec2() called at /Users/dodo/.config/nvim/init.lua:0
205.903  000.001  000.001: sourcing nvim_exec2() called at /Users/dodo/.config/nvim/init.lua:0
205.906  000.001  000.001: sourcing nvim_exec2() called at /Users/dodo/.config/nvim/init.lua:0
205.909  000.001  000.001: sourcing nvim_exec2() called at /Users/dodo/.config/nvim/init.lua:0
205.990  000.001  000.001: sourcing nvim_exec2() called at /Users/dodo/.config/nvim/init.lua:0
205.993  000.001  000.001: sourcing nvim_exec2() called at /Users/dodo/.config/nvim/init.lua:0
205.996  000.001  000.001: sourcing nvim_exec2() called at /Users/dodo/.config/nvim/init.lua:0
206.011  000.001  000.001: sourcing nvim_exec2() called at /Users/dodo/.config/nvim/init.lua:0
206.042  000.001  000.001: sourcing nvim_exec2() called at /Users/dodo/.config/nvim/init.lua:0
206.045  000.001  000.001: sourcing nvim_exec2() called at /Users/dodo/.config/nvim/init.lua:0
206.048  000.001  000.001: sourcing nvim_exec2() called at /Users/dodo/.config/nvim/init.lua:0
206.111  000.001  000.001: sourcing nvim_exec2() called at /Users/dodo/.config/nvim/init.lua:0
206.115  000.001  000.001: sourcing nvim_exec2() called at /Users/dodo/.config/nvim/init.lua:0
206.118  000.001  000.001: sourcing nvim_exec2() called at /Users/dodo/.config/nvim/init.lua:0
206.121  000.001  000.001: sourcing nvim_exec2() called at /Users/dodo/.config/nvim/init.lua:0
206.124  000.001  000.001: sourcing nvim_exec2() called at /Users/dodo/.config/nvim/init.lua:0
206.127  000.001  000.001: sourcing nvim_exec2() called at /Users/dodo/.config/nvim/init.lua:0
206.130  000.001  000.001: sourcing nvim_exec2() called at /Users/dodo/.config/nvim/init.lua:0
206.194  000.001  000.001: sourcing nvim_exec2() called at /Users/dodo/.config/nvim/init.lua:0
206.197  000.001  000.001: sourcing nvim_exec2() called at /Users/dodo/.config/nvim/init.lua:0
206.201  000.001  000.001: sourcing nvim_exec2() called at /Users/dodo/.config/nvim/init.lua:0
206.210  000.001  000.001: sourcing nvim_exec2() called at /Users/dodo/.config/nvim/init.lua:0
206.214  000.001  000.001: sourcing nvim_exec2() called at /Users/dodo/.config/nvim/init.lua:0
206.247  000.001  000.001: sourcing nvim_exec2() called at /Users/dodo/.config/nvim/init.lua:0
206.250  000.001  000.001: sourcing nvim_exec2() called at /Users/dodo/.config/nvim/init.lua:0
206.556  000.005  000.005: sourcing nvim_exec2() called at /Users/dodo/.config/nvim/init.lua:0
206.559  000.001  000.001: sourcing nvim_exec2() called at /Users/dodo/.config/nvim/init.lua:0
206.674  000.001  000.001: sourcing nvim_exec2() called at /Users/dodo/.config/nvim/init.lua:0
206.677  000.001  000.001: sourcing nvim_exec2() called at /Users/dodo/.config/nvim/init.lua:0
206.679  000.001  000.001: sourcing nvim_exec2() called at /Users/dodo/.config/nvim/init.lua:0
206.682  000.001  000.001: sourcing nvim_exec2() called at /Users/dodo/.config/nvim/init.lua:0
206.685  000.001  000.001: sourcing nvim_exec2() called at /Users/dodo/.config/nvim/init.lua:0
206.687  000.001  000.001: sourcing nvim_exec2() called at /Users/dodo/.config/nvim/init.lua:0
206.690  000.001  000.001: sourcing nvim_exec2() called at /Users/dodo/.config/nvim/init.lua:0
206.694  000.001  000.001: sourcing nvim_exec2() called at /Users/dodo/.config/nvim/init.lua:0
206.696  000.001  000.001: sourcing nvim_exec2() called at /Users/dodo/.config/nvim/init.lua:0
206.699  000.001  000.001: sourcing nvim_exec2() called at /Users/dodo/.config/nvim/init.lua:0
206.725  000.001  000.001: sourcing nvim_exec2() called at /Users/dodo/.config/nvim/init.lua:0
206.727  000.001  000.001: sourcing nvim_exec2() called at /Users/dodo/.config/nvim/init.lua:0
206.730  000.001  000.001: sourcing nvim_exec2() called at /Users/dodo/.config/nvim/init.lua:0
206.733  000.001  000.001: sourcing nvim_exec2() called at /Users/dodo/.config/nvim/init.lua:0
206.736  000.001  000.001: sourcing nvim_exec2() called at /Users/dodo/.config/nvim/init.lua:0
206.739  000.001  000.001: sourcing nvim_exec2() called at /Users/dodo/.config/nvim/init.lua:0
206.742  000.001  000.001: sourcing nvim_exec2() called at /Users/dodo/.config/nvim/init.lua:0
206.744  000.001  000.001: sourcing nvim_exec2() called at /Users/dodo/.config/nvim/init.lua:0
206.747  000.001  000.001: sourcing nvim_exec2() called at /Users/dodo/.config/nvim/init.lua:0
206.750  000.001  000.001: sourcing nvim_exec2() called at /Users/dodo/.config/nvim/init.lua:0
206.752  000.001  000.001: sourcing nvim_exec2() called at /Users/dodo/.config/nvim/init.lua:0
207.017  000.004  000.004: sourcing nvim_exec2() called at /Users/dodo/.config/nvim/init.lua:0
207.020  000.001  000.001: sourcing nvim_exec2() called at /Users/dodo/.config/nvim/init.lua:0
207.022  000.001  000.001: sourcing nvim_exec2() called at /Users/dodo/.config/nvim/init.lua:0
207.025  000.001  000.001: sourcing nvim_exec2() called at /Users/dodo/.config/nvim/init.lua:0
207.059  000.001  000.001: sourcing nvim_exec2() called at /Users/dodo/.config/nvim/init.lua:0
207.062  000.001  000.001: sourcing nvim_exec2() called at /Users/dodo/.config/nvim/init.lua:0
207.065  000.001  000.001: sourcing nvim_exec2() called at /Users/dodo/.config/nvim/init.lua:0
207.067  000.001  000.001: sourcing nvim_exec2() called at /Users/dodo/.config/nvim/init.lua:0
207.070  000.001  000.001: sourcing nvim_exec2() called at /Users/dodo/.config/nvim/init.lua:0
207.073  000.001  000.001: sourcing nvim_exec2() called at /Users/dodo/.config/nvim/init.lua:0
207.075  000.001  000.001: sourcing nvim_exec2() called at /Users/dodo/.config/nvim/init.lua:0
207.084  000.001  000.001: sourcing nvim_exec2() called at /Users/dodo/.config/nvim/init.lua:0
207.087  000.001  000.001: sourcing nvim_exec2() called at /Users/dodo/.config/nvim/init.lua:0
207.090  000.001  000.001: sourcing nvim_exec2() called at /Users/dodo/.config/nvim/init.lua:0
207.092  000.001  000.001: sourcing nvim_exec2() called at /Users/dodo/.config/nvim/init.lua:0
207.095  000.001  000.001: sourcing nvim_exec2() called at /Users/dodo/.config/nvim/init.lua:0
207.097  000.001  000.001: sourcing nvim_exec2() called at /Users/dodo/.config/nvim/init.lua:0
207.100  000.001  000.001: sourcing nvim_exec2() called at /Users/dodo/.config/nvim/init.lua:0
207.321  000.180  000.180: require('lualine.extensions.nerdtree')
208.005  000.004  000.004: sourcing nvim_exec2() called at /Users/dodo/.config/nvim/init.lua:0
208.016  000.002  000.002: sourcing nvim_exec2() called at /Users/dodo/.config/nvim/init.lua:0
208.026  000.008  000.008: sourcing nvim_exec2() called at /Users/dodo/.config/nvim/init.lua:0
208.030  000.002  000.002: sourcing nvim_exec2() called at /Users/dodo/.config/nvim/init.lua:0
208.033  000.002  000.002: sourcing nvim_exec2() called at /Users/dodo/.config/nvim/init.lua:0
209.503  000.108  000.108: require('nvim-ts-autotag._log')
209.606  000.102  000.102: require('nvim-ts-autotag.config.init')
210.604  000.104  000.104: require('vim.treesitter.language')
210.691  000.084  000.084: require('vim.func')
210.764  000.072  000.072: require('vim.func._memoize')
210.776  000.490  000.230: require('vim.treesitter.query')
210.853  000.076  000.076: require('vim.treesitter._range')
210.858  000.816  000.250: require('vim.treesitter.languagetree')
210.861  000.947  000.131: require('vim.treesitter')
210.863  001.050  000.103: require('nvim-ts-autotag.utils')
210.865  001.147  000.097: require('nvim-ts-autotag.config.ft')
210.866  001.260  000.113: require('nvim-ts-autotag.config.plugin')
210.869  001.883  000.413: require('nvim-ts-autotag.internal')
210.871  002.247  000.364: require('nvim-ts-autotag')
211.258  000.078  000.078: require('nvim-treesitter.utils')
211.982  000.723  000.723: require('nvim-treesitter.parsers')
212.766  000.187  000.187: require('nvim-treesitter.compat')
213.702  000.781  000.781: require('nvim-treesitter.ts_utils')
213.705  000.939  000.158: require('nvim-treesitter.tsrange')
213.788  000.083  000.083: require('nvim-treesitter.caching')
213.793  001.469  000.261: require('nvim-treesitter.query')
213.799  001.716  000.247: require('nvim-treesitter.configs')
213.800  001.817  000.101: require('nvim-treesitter.info')
213.895  000.094  000.094: require('nvim-treesitter.shell_command_selectors')
213.903  002.938  000.226: require('nvim-treesitter.install')
213.976  000.071  000.071: require('nvim-treesitter.statusline')
214.054  000.078  000.078: require('nvim-treesitter.query_predicates')
214.055  003.183  000.096: require('nvim-treesitter')
214.057  005.626  000.196: sourcing /Users/dodo/.local/share/nvim/lazy/nvim-ts-autotag/plugin/nvim-ts-autotag.lua
214.058  005.668  000.042: sourcing nvim_exec2() called at /Users/dodo/.config/nvim/init.lua:0
214.061  000.001  000.001: sourcing nvim_exec2() called at /Users/dodo/.config/nvim/init.lua:0
214.074  000.001  000.001: sourcing nvim_exec2() called at /Users/dodo/.config/nvim/init.lua:0
214.787  000.653  000.653: sourcing /Users/dodo/.local/share/nvim/lazy/nvim-treesitter/plugin/nvim-treesitter.lua
214.789  000.686  000.034: sourcing nvim_exec2() called at /Users/dodo/.config/nvim/init.lua:0
214.791  000.001  000.001: sourcing nvim_exec2() called at /Users/dodo/.config/nvim/init.lua:0
214.795  000.000  000.000: sourcing nvim_exec2() called at /Users/dodo/.config/nvim/init.lua:0
217.019  000.110  000.110: require('nvim-treesitter.locals')
217.021  000.228  000.118: require('nvim-treesitter.incremental_selection')
217.159  000.129  000.129: require('nvim-treesitter.indent')
217.346  000.129  000.129: require('nvim-treesitter.highlight')
217.383  000.001  000.001: sourcing nvim_exec2() called at /Users/dodo/.config/nvim/init.lua:0
217.386  000.000  000.000: sourcing nvim_exec2() called at /Users/dodo/.config/nvim/init.lua:0
217.769  000.137  000.137: require('gomodifytags.config')
217.770  000.336  000.199: require('gomodifytags')
217.844  000.001  000.001: sourcing nvim_exec2() called at /Users/dodo/.config/nvim/init.lua:0
217.848  000.000  000.000: sourcing nvim_exec2() called at /Users/dodo/.config/nvim/init.lua:0
218.958  000.096  000.096: require('auto-session.logger')
218.963  000.341  000.246: require('auto-session.lib')
219.189  000.226  000.226: require('auto-session.config')
219.369  000.179  000.179: require('auto-session.autocmds')
219.374  001.524  000.778: require('auto-session')
220.025  000.001  000.001: sourcing nvim_exec2() called at /Users/dodo/.config/nvim/init.lua:0
220.055  000.001  000.001: sourcing nvim_exec2() called at /Users/dodo/.config/nvim/init.lua:0
220.451  000.132  000.132: sourcing /Users/dodo/.local/share/nvim/lazy/todo-comments.nvim/plugin/todo.vim
220.452  000.167  000.034: sourcing nvim_exec2() called at /Users/dodo/.config/nvim/init.lua:0
220.457  000.001  000.001: sourcing nvim_exec2() called at /Users/dodo/.config/nvim/init.lua:0
220.461  000.000  000.000: sourcing nvim_exec2() called at /Users/dodo/.config/nvim/init.lua:0
221.903  000.505  000.505: require('todo-comments.util')
221.907  000.699  000.193: require('todo-comments.config')
222.188  000.200  000.200: require('todo-comments.highlight')
222.189  000.282  000.081: require('todo-comments.jump')
222.191  001.723  000.743: require('todo-comments')
222.225  000.001  000.001: sourcing nvim_exec2() called at /Users/dodo/.config/nvim/init.lua:0
222.229  000.001  000.001: sourcing nvim_exec2() called at /Users/dodo/.config/nvim/init.lua:0
222.445  000.127  000.127: sourcing /Users/dodo/.local/share/nvim/lazy/telescope.nvim/plugin/telescope.lua
222.446  000.163  000.036: sourcing nvim_exec2() called at /Users/dodo/.config/nvim/init.lua:0
222.451  000.001  000.001: sourcing nvim_exec2() called at /Users/dodo/.config/nvim/init.lua:0
222.455  000.000  000.000: sourcing nvim_exec2() called at /Users/dodo/.config/nvim/init.lua:0
222.664  000.097  000.097: require('telescope._extensions')
222.665  000.208  000.111: require('telescope')
223.250  000.092  000.092: require('plenary.strings')
223.342  000.092  000.092: require('telescope.deprecated')
223.631  000.117  000.117: require('telescope.log')
224.058  000.074  000.074: require('plenary.compat')
224.062  000.225  000.151: require('plenary.job')
224.150  000.087  000.087: require('telescope.state')
224.165  000.534  000.222: require('telescope.utils')
224.168  000.825  000.174: require('telescope.sorters')
224.951  002.024  001.015: require('telescope.config')
225.248  000.087  000.087: require('plenary.window.border')
225.319  000.071  000.071: require('plenary.window')
225.420  000.100  000.100: require('plenary.popup.utils')
225.421  000.469  000.211: require('plenary.popup')
225.515  000.093  000.093: require('telescope.pickers.scroller')
225.626  000.111  000.111: require('telescope.actions.state')
225.727  000.100  000.100: require('telescope.actions.utils')
225.919  000.112  000.112: require('telescope.actions.mt')
225.925  000.197  000.085: require('telescope.actions.set')
226.075  000.075  000.075: require('telescope.config.resolve')
226.076  000.150  000.075: require('telescope.pickers.entry_display')
226.157  000.081  000.081: require('telescope.from_entry')
226.252  003.586  000.360: require('telescope.actions')
227.345  000.268  000.268: require('telescope._extensions.file_browser.utils')
227.559  000.213  000.213: require('telescope._extensions.file_browser.lsp')
228.826  001.265  001.265: require('plenary.scandir')
229.302  000.097  000.097: require('plenary.tbl')
229.305  000.187  000.090: require('plenary.vararg.rotate')
229.305  000.276  000.089: require('plenary.vararg')
229.388  000.082  000.082: require('plenary.errors')
229.392  000.459  000.101: require('plenary.async.async')
229.787  000.103  000.103: require('plenary.async.structs')
229.792  000.239  000.136: require('plenary.async.control')
229.795  000.328  000.088: require('plenary.async.util')
229.797  000.405  000.077: require('plenary.async.tests')
229.798  000.971  000.108: require('plenary.async')
229.861  002.936  000.218: require('telescope._extensions.file_browser.actions')
230.231  000.110  000.110: require('telescope._extensions.file_browser.git')
230.341  000.109  000.109: require('telescope._extensions.file_browser.make_entry_utils')
230.583  000.241  000.241: require('telescope._extensions.file_browser.fs_stat')
230.585  000.600  000.140: require('telescope._extensions.file_browser.make_entry')
230.945  000.107  000.107: require('plenary.class')
230.963  000.264  000.157: require('telescope._')
231.164  000.200  000.200: require('telescope.make_entry')
231.166  000.580  000.116: require('telescope.finders.async_oneshot_finder')
231.510  000.164  000.164: require('telescope.finders.async_static_finder')
231.645  000.134  000.134: require('telescope.finders.async_job_finder')
231.649  000.483  000.184: require('telescope.finders')
231.652  001.790  000.127: require('telescope._extensions.file_browser.finders')
232.177  000.205  000.205: require('telescope.debounce')
232.384  000.206  000.206: require('telescope.mappings')
232.529  000.144  000.144: require('telescope.pickers.highlights')
232.648  000.118  000.118: require('telescope.pickers.window')
232.928  000.146  000.146: require('telescope.algos.linked_list')
232.930  000.281  000.135: require('telescope.entry_manager')
233.073  000.143  000.143: require('telescope.pickers.multi')
233.084  001.289  000.191: require('telescope.pickers')
233.086  001.434  000.145: require('telescope._extensions.file_browser.picker')
233.224  000.137  000.137: require('telescope._extensions.file_browser.config')
233.227  006.974  000.677: require('telescope._extensions.file_browser')
233.445  000.106  000.106: require('telescope.previewers.previewer')
233.885  000.101  000.101: require('plenary.context_manager')
233.888  000.232  000.131: require('telescope.previewers.utils')
233.975  000.529  000.297: require('telescope.previewers.term_previewer')
235.341  001.196  001.196: require('plenary.filetype')
235.402  001.427  000.231: require('telescope.previewers.buffer_previewer')
235.405  002.171  000.109: require('telescope.previewers')
236.599  000.450  000.450: require('fzf_lib')
236.602  000.573  000.123: require('telescope._extensions.fzf')
236.759  017.101  001.532: require('telescope')
237.228  000.223  000.223: require('auto-session.session-lens.actions')
237.229  000.470  000.247: require('auto-session.session-lens')
237.441  000.210  000.210: require('telescope._extensions.session-lens')
237.791  000.199  000.199: sourcing /Users/dodo/.local/share/nvim/lazy/nvim-spectre/plugin/spectre.lua
237.793  000.247  000.048: sourcing nvim_exec2() called at /Users/dodo/.config/nvim/init.lua:0
237.795  000.001  000.001: sourcing nvim_exec2() called at /Users/dodo/.config/nvim/init.lua:0
237.801  000.001  000.001: sourcing nvim_exec2() called at /Users/dodo/.config/nvim/init.lua:0
238.465  000.160  000.160: require('spectre.config')
238.552  000.087  000.087: require('spectre.state')
238.999  000.118  000.118: require('spectre._log')
239.154  000.135  000.135: require('spectre.utils')
239.158  000.392  000.140: require('spectre.search.base')
239.159  000.517  000.125: require('spectre.search')
239.365  000.097  000.097: require('spectre.replace.base')
239.368  000.208  000.112: require('spectre.replace')
239.377  000.824  000.098: require('spectre.state_utils')
239.776  000.399  000.399: require('spectre.ui')
239.782  001.980  000.510: require('spectre')
240.197  000.218  000.218: sourcing /opt/homebrew/Cellar/neovim/0.11.1/share/nvim/runtime/plugin/editorconfig.lua
240.198  000.256  000.038: sourcing nvim_exec2() called at /Users/dodo/.config/nvim/init.lua:0
240.413  000.177  000.177: sourcing /opt/homebrew/Cellar/neovim/0.11.1/share/nvim/runtime/plugin/gzip.vim
240.415  000.210  000.034: sourcing nvim_exec2() called at /Users/dodo/.config/nvim/init.lua:0
240.593  000.146  000.146: sourcing /opt/homebrew/Cellar/neovim/0.11.1/share/nvim/runtime/plugin/man.lua
240.594  000.176  000.031: sourcing nvim_exec2() called at /Users/dodo/.config/nvim/init.lua:0
241.437  000.246  000.246: sourcing /opt/homebrew/Cellar/neovim/0.11.1/share/nvim/runtime/pack/dist/opt/matchit/plugin/matchit.vim
241.446  000.816  000.570: sourcing /opt/homebrew/Cellar/neovim/0.11.1/share/nvim/runtime/plugin/matchit.vim
241.448  000.848  000.032: sourcing nvim_exec2() called at /Users/dodo/.config/nvim/init.lua:0
241.676  000.190  000.190: sourcing /opt/homebrew/Cellar/neovim/0.11.1/share/nvim/runtime/plugin/matchparen.vim
241.677  000.222  000.032: sourcing nvim_exec2() called at /Users/dodo/.config/nvim/init.lua:0
241.807  000.091  000.091: sourcing /opt/homebrew/Cellar/neovim/0.11.1/share/nvim/runtime/plugin/netrwPlugin.vim
241.809  000.122  000.031: sourcing nvim_exec2() called at /Users/dodo/.config/nvim/init.lua:0
242.039  000.197  000.197: sourcing /opt/homebrew/Cellar/neovim/0.11.1/share/nvim/runtime/plugin/osc52.lua
242.040  000.230  000.033: sourcing nvim_exec2() called at /Users/dodo/.config/nvim/init.lua:0
242.209  000.133  000.133: sourcing /opt/homebrew/Cellar/neovim/0.11.1/share/nvim/runtime/plugin/rplugin.vim
242.210  000.164  000.031: sourcing nvim_exec2() called at /Users/dodo/.config/nvim/init.lua:0
242.373  000.132  000.132: sourcing /opt/homebrew/Cellar/neovim/0.11.1/share/nvim/runtime/plugin/shada.vim
242.374  000.162  000.031: sourcing nvim_exec2() called at /Users/dodo/.config/nvim/init.lua:0
242.623  000.209  000.209: sourcing /opt/homebrew/Cellar/neovim/0.11.1/share/nvim/runtime/plugin/spellfile.vim
242.624  000.244  000.035: sourcing nvim_exec2() called at /Users/dodo/.config/nvim/init.lua:0
242.715  000.052  000.052: sourcing /opt/homebrew/Cellar/neovim/0.11.1/share/nvim/runtime/plugin/tarPlugin.vim
242.716  000.086  000.033: sourcing nvim_exec2() called at /Users/dodo/.config/nvim/init.lua:0
242.941  000.188  000.188: sourcing /opt/homebrew/Cellar/neovim/0.11.1/share/nvim/runtime/plugin/tohtml.lua
242.942  000.220  000.033: sourcing nvim_exec2() called at /Users/dodo/.config/nvim/init.lua:0
243.005  000.027  000.027: sourcing /opt/homebrew/Cellar/neovim/0.11.1/share/nvim/runtime/plugin/tutor.vim
243.006  000.060  000.032: sourcing nvim_exec2() called at /Users/dodo/.config/nvim/init.lua:0
243.135  000.071  000.071: sourcing /opt/homebrew/Cellar/neovim/0.11.1/share/nvim/runtime/plugin/zipPlugin.vim
243.136  000.103  000.032: sourcing nvim_exec2() called at /Users/dodo/.config/nvim/init.lua:0
243.446  000.159  000.159: sourcing /Users/dodo/.local/share/nvim/lazy/cmp-nvim-lsp/after/plugin/cmp_nvim_lsp.lua
243.447  000.193  000.034: sourcing nvim_exec2() called at /Users/dodo/.config/nvim/init.lua:0
243.501  237.492  131.695: require('rvldodo.lazy')
243.502  238.751  000.124: sourcing /Users/dodo/.config/nvim/init.lua
243.507  000.561: sourcing vimrc file(s)
243.897  000.063  000.063: sourcing /opt/homebrew/Cellar/neovim/0.11.1/share/nvim/runtime/filetype.lua
244.262  000.107  000.107: sourcing /opt/homebrew/Cellar/neovim/0.11.1/share/nvim/runtime/syntax/synload.vim
244.299  000.350  000.244: sourcing /opt/homebrew/Cellar/neovim/0.11.1/share/nvim/runtime/syntax/syntax.vim
244.309  000.388: inits 3
245.238  000.929: reading ShaDa
245.320  000.081: opening buffers
246.327  000.298  000.298: require('bufferline.state')
246.385  000.768: BufEnter autocommands
246.387  000.001: editing files in windows
247.482  000.400  000.400: require('lazy.util')
247.484  000.712  000.312: require('lazy.view.diff')
248.564  000.429  000.429: require('lazy.view.config')
248.583  001.098  000.669: require('lazy.view.float')
249.422  000.332  000.332: require('lazy.async')
249.439  000.637  000.305: require('lazy.manage.process')
249.693  000.253  000.253: require('lazy.manage.semver')
249.699  001.116  000.226: require('lazy.manage.git')
250.240  000.196  000.196: require('lazy.view.sections')
250.325  000.085  000.085: require('lazy.view.text')
250.329  000.629  000.348: require('lazy.view.render')
250.331  003.849  000.293: require('lazy.view')
250.363  000.127: VimEnter autocommands
251.081  000.239  000.239: require('snacks.util')
251.103  000.713  000.473: require('snacks.dashboard')
258.649  000.276  000.276: require('vim.termcap')
258.671  000.012  000.012: require('vim.text')
258.690  007.327: UIEnter autocommands
259.119  000.293  000.293: sourcing /opt/homebrew/Cellar/neovim/0.11.1/share/nvim/runtime/autoload/provider/clipboard.vim
259.124  000.141: before starting main loop
259.628  000.504: first screen update
259.629  000.001: --- NVIM STARTED ---

